<?xml version="1.0" encoding="UTF-8"?>
<!-- Generated by org.testng.reporters.JUnitReportReporter -->
<testsuite hostname="Aleksandrs-MBP.lan" failures="0" tests="1" name="tests.SmokeTests" time="5.236" errors="0" timestamp="2022-05-06T18:14:13 WEST" skipped="0">
  <testcase classname="tests.SmokeTests" name="checkMainComponentsVisibilityOnHomePage" time="5.236"/>
  <system-out/>
</testsuite> <!-- tests.SmokeTests -->
